<?xml version="1.0" encoding="UTF-8"?>
<coverage generated="1521666549">
  <project timestamp="1521666549">
    <file name="C:\xampp\htdocs\COMP4711-lab-5\starter-todo4\application\models/App.php">
      <class name="App" namespace="global">
        <metrics complexity="16" methods="6" coveredmethods="0" conditionals="0" coveredconditionals="0" statements="17" coveredstatements="0" elements="23" coveredelements="0"/>
      </class>
      <line num="38" type="method" name="__construct" visibility="public" complexity="1" crap="2" count="0"/>
      <line num="40" type="stmt" count="0"/>
      <line num="41" type="stmt" count="0"/>
      <line num="43" type="method" name="flag" visibility="public" complexity="3" crap="12" count="0"/>
      <line num="44" type="stmt" count="0"/>
      <line num="45" type="stmt" count="0"/>
      <line num="46" type="stmt" count="0"/>
      <line num="49" type="method" name="group" visibility="public" complexity="3" crap="12" count="0"/>
      <line num="50" type="stmt" count="0"/>
      <line num="51" type="stmt" count="0"/>
      <line num="52" type="stmt" count="0"/>
      <line num="55" type="method" name="priority" visibility="public" complexity="3" crap="12" count="0"/>
      <line num="56" type="stmt" count="0"/>
      <line num="57" type="stmt" count="0"/>
      <line num="58" type="stmt" count="0"/>
      <line num="61" type="method" name="size" visibility="public" complexity="3" crap="12" count="0"/>
      <line num="62" type="stmt" count="0"/>
      <line num="63" type="stmt" count="0"/>
      <line num="64" type="stmt" count="0"/>
      <line num="67" type="method" name="status" visibility="public" complexity="3" crap="12" count="0"/>
      <line num="68" type="stmt" count="0"/>
      <line num="69" type="stmt" count="0"/>
      <line num="70" type="stmt" count="0"/>
      <metrics loc="73" ncloc="60" classes="1" methods="6" coveredmethods="0" conditionals="0" coveredconditionals="0" statements="17" coveredstatements="0" elements="23" coveredelements="0"/>
    </file>
    <file name="C:\xampp\htdocs\COMP4711-lab-5\starter-todo4\application\models/Fruit.php">
      <class name="Fruit" namespace="global">
        <metrics complexity="10" methods="4" coveredmethods="2" conditionals="0" coveredconditionals="0" statements="21" coveredstatements="18" elements="25" coveredelements="20"/>
      </class>
      <line num="11" type="method" name="setId" visibility="public" complexity="2" crap="2" count="7"/>
      <line num="12" type="stmt" count="7"/>
      <line num="13" type="stmt" count="1"/>
      <line num="14" type="stmt" count="7"/>
      <line num="15" type="stmt" count="7"/>
      <line num="19" type="method" name="setName" visibility="public" complexity="3" crap="3" count="6"/>
      <line num="20" type="stmt" count="6"/>
      <line num="21" type="stmt" count="1"/>
      <line num="22" type="stmt" count="6"/>
      <line num="23" type="stmt" count="1"/>
      <line num="24" type="stmt" count="6"/>
      <line num="25" type="stmt" count="6"/>
      <line num="29" type="method" name="setColor" visibility="public" complexity="2" crap="2.03" count="6"/>
      <line num="30" type="stmt" count="6"/>
      <line num="31" type="stmt" count="6"/>
      <line num="32" type="stmt" count="0"/>
      <line num="33" type="stmt" count="6"/>
      <line num="34" type="stmt" count="6"/>
      <line num="38" type="method" name="setWeight" visibility="public" complexity="3" crap="3.33" count="6"/>
      <line num="39" type="stmt" count="6"/>
      <line num="40" type="stmt" count="0"/>
      <line num="41" type="stmt" count="6"/>
      <line num="42" type="stmt" count="0"/>
      <line num="43" type="stmt" count="6"/>
      <line num="44" type="stmt" count="6"/>
      <metrics loc="47" ncloc="39" classes="1" methods="4" coveredmethods="2" conditionals="0" coveredconditionals="0" statements="21" coveredstatements="18" elements="25" coveredelements="20"/>
    </file>
    <file name="C:\xampp\htdocs\COMP4711-lab-5\starter-todo4\application\models/Fruitbowl.php">
      <class name="Fruitbowl" namespace="global">
        <metrics complexity="2" methods="1" coveredmethods="0" conditionals="0" coveredconditionals="0" statements="3" coveredstatements="2" elements="4" coveredelements="2"/>
      </class>
      <line num="11" type="method" name="add" complexity="2" crap="2.15" count="1"/>
      <line num="12" type="stmt" count="1"/>
      <line num="13" type="stmt" count="0"/>
      <line num="14" type="stmt" count="1"/>
      <metrics loc="14" ncloc="7" classes="1" methods="1" coveredmethods="0" conditionals="0" coveredconditionals="0" statements="3" coveredstatements="2" elements="4" coveredelements="2"/>
    </file>
    <file name="C:\xampp\htdocs\COMP4711-lab-5\starter-todo4\application\models/Task.php">
      <class name="Task" namespace="global">
        <metrics complexity="15" methods="4" coveredmethods="4" conditionals="0" coveredconditionals="0" statements="30" coveredstatements="30" elements="34" coveredelements="34"/>
      </class>
      <line num="10" type="method" name="setTask" visibility="public" complexity="3" crap="3" count="16"/>
      <line num="11" type="stmt" count="16"/>
      <line num="12" type="stmt" count="1"/>
      <line num="13" type="stmt" count="16"/>
      <line num="14" type="stmt" count="1"/>
      <line num="15" type="stmt" count="16"/>
      <line num="16" type="stmt" count="16"/>
      <line num="20" type="method" name="setPriority" visibility="public" complexity="4" crap="4" count="16"/>
      <line num="21" type="stmt" count="16"/>
      <line num="22" type="stmt" count="1"/>
      <line num="23" type="stmt" count="16"/>
      <line num="24" type="stmt" count="1"/>
      <line num="25" type="stmt" count="16"/>
      <line num="26" type="stmt" count="1"/>
      <line num="27" type="stmt" count="16"/>
      <line num="28" type="stmt" count="16"/>
      <line num="32" type="method" name="setSize" visibility="public" complexity="4" crap="4" count="16"/>
      <line num="33" type="stmt" count="16"/>
      <line num="34" type="stmt" count="1"/>
      <line num="35" type="stmt" count="16"/>
      <line num="36" type="stmt" count="1"/>
      <line num="37" type="stmt" count="16"/>
      <line num="38" type="stmt" count="1"/>
      <line num="39" type="stmt" count="16"/>
      <line num="40" type="stmt" count="16"/>
      <line num="44" type="method" name="setGroup" visibility="public" complexity="4" crap="4" count="16"/>
      <line num="45" type="stmt" count="16"/>
      <line num="46" type="stmt" count="1"/>
      <line num="47" type="stmt" count="16"/>
      <line num="48" type="stmt" count="1"/>
      <line num="49" type="stmt" count="16"/>
      <line num="50" type="stmt" count="1"/>
      <line num="51" type="stmt" count="16"/>
      <line num="52" type="stmt" count="16"/>
      <metrics loc="56" ncloc="48" classes="1" methods="4" coveredmethods="4" conditionals="0" coveredconditionals="0" statements="30" coveredstatements="30" elements="34" coveredelements="34"/>
    </file>
    <file name="C:\xampp\htdocs\COMP4711-lab-5\starter-todo4\application\models/Tasks.php">
      <class name="Tasks" namespace="global">
        <metrics complexity="7" methods="3" coveredmethods="1" conditionals="0" coveredconditionals="0" statements="13" coveredstatements="2" elements="16" coveredelements="3"/>
      </class>
      <line num="11" type="method" name="__construct" visibility="public" complexity="1" crap="1" count="1"/>
      <line num="13" type="stmt" count="1"/>
      <line num="14" type="stmt" count="1"/>
      <line num="16" type="method" name="getCategorizedTasks" complexity="5" crap="30" count="0"/>
      <line num="19" type="stmt" count="0"/>
      <line num="21" type="stmt" count="0"/>
      <line num="22" type="stmt" count="0"/>
      <line num="26" type="stmt" count="0"/>
      <line num="27" type="stmt" count="0"/>
      <line num="30" type="stmt" count="0"/>
      <line num="33" type="stmt" count="0"/>
      <line num="34" type="stmt" count="0"/>
      <line num="36" type="stmt" count="0"/>
      <line num="40" type="method" name="rules" visibility="public" complexity="1" crap="2" count="0"/>
      <line num="43" type="stmt" count="0"/>
      <line num="48" type="stmt" count="0"/>
      <line num="55" type="stmt" count="0"/>
      <line num="56" type="stmt" count="0"/>
      <line num="57" type="stmt" count="0"/>
      <line num="58" type="stmt" count="0"/>
      <line num="60" type="stmt" count="0"/>
      <metrics loc="61" ncloc="44" classes="1" methods="3" coveredmethods="1" conditionals="0" coveredconditionals="0" statements="18" coveredstatements="2" elements="21" coveredelements="3"/>
    </file>
    <metrics files="5" loc="251" ncloc="198" classes="5" methods="18" coveredmethods="7" conditionals="0" coveredconditionals="0" statements="89" coveredstatements="52" elements="107" coveredelements="59"/>
  </project>
</coverage>
